app/build/outputs/logs/manifest-merger-debug-report.txt
-- Merging decision tree log ---
manifest
ADDED from src\main\AndroidManifest.xml:2:1-42:12
	package
		ADDED from src\main\AndroidManifest.xml:3:5-45
		INJECTED from src\main\AndroidManifest.xml
		INJECTED from src\main\AndroidManifest.xml
	android:versionName
		ADDED from src\main\AndroidManifest.xml:5:5-30
		INJECTED from src\main\AndroidManifest.xml
		INJECTED from src\main\AndroidManifest.xml
	android:versionCode
		ADDED from src\main\AndroidManifest.xml:4:5-28
		INJECTED from src\main\AndroidManifest.xml
		INJECTED from src\main\AndroidManifest.xml
	xmlns:android
		ADDED from src\main\AndroidManifest.xml:2:11-69
uses-sdk
ADDED from src\main\AndroidManifest.xml:7:5-9:41
MERGED from [com.android.support:design:23.4.0] AndroidManifest.xml:20:5-43
MERGED from [com.android.support:recyclerview-v7:23.4.0] AndroidManifest.xml:20:5-43
MERGED from [com.android.support:appcompat-v7:23.4.0] AndroidManifest.xml:21:5-23:78
MERGED from [com.android.support:animated-vector-drawable:23.4.0] AndroidManifest.xml:5:5-44
MERGED from [com.android.support:support-vector-drawable:23.4.0] AndroidManifest.xml:5:5-43
MERGED from [com.android.support:support-v4:23.4.0] AndroidManifest.xml:20:5-43
	tools:overrideLibrary
		ADDED from [com.android.support:appcompat-v7:23.4.0] AndroidManifest.xml:23:9-75
	android:targetSdkVersion
		ADDED from src\main\AndroidManifest.xml:9:9-38
		INJECTED from src\main\AndroidManifest.xml
		INJECTED from src\main\AndroidManifest.xml
	android:minSdkVersion
		ADDED from src\main\AndroidManifest.xml:8:9-35
		INJECTED from src\main\AndroidManifest.xml
		INJECTED from src\main\AndroidManifest.xml
application
ADDED from src\main\AndroidManifest.xml:13:5-40:19
MERGED from [com.android.support:design:23.4.0] AndroidManifest.xml:22:5-20
MERGED from [com.android.support:appcompat-v7:23.4.0] AndroidManifest.xml:25:5-20
MERGED from [com.android.support:animated-vector-drawable:23.4.0] AndroidManifest.xml:7:5-20
MERGED from [com.android.support:support-vector-drawable:23.4.0] AndroidManifest.xml:7:5-20
MERGED from [com.android.support:support-v4:23.4.0] AndroidManifest.xml:22:5-20
	android:label
		ADDED from src\main\AndroidManifest.xml:16:9-41
	android:allowBackup
		ADDED from src\main\AndroidManifest.xml:14:9-35
	android:icon
		ADDED from src\main\AndroidManifest.xml:15:9-38
	android:theme
		ADDED from src\main\AndroidManifest.xml:17:9-40
activity#com.navigation.drawer.activity.BaseActivity
ADDED from src\main\AndroidManifest.xml:23:9-30:20
	android:label
		ADDED from src\main\AndroidManifest.xml:25:13-45
	android:name
		ADDED from src\main\AndroidManifest.xml:24:13-71
intent-filter#android.intent.action.MAIN+android.intent.category.LAUNCHER
ADDED from src\main\AndroidManifest.xml:26:13-29:29
action#android.intent.action.MAIN
ADDED from src\main\AndroidManifest.xml:27:17-69
	android:name
		ADDED from src\main\AndroidManifest.xml:27:25-66
category#android.intent.category.LAUNCHER
ADDED from src\main\AndroidManifest.xml:28:17-77
	android:name
		ADDED from src\main\AndroidManifest.xml:28:27-74
activity#com.navigation.drawer.activity.HomeActivity
ADDED from src\main\AndroidManifest.xml:32:3-74
	android:name
		ADDED from src\main\AndroidManifest.xml:32:13-71
activity#com.navigation.drawer.activity.Item1Activity
ADDED from src\main\AndroidManifest.xml:33:3-75
	android:name
		ADDED from src\main\AndroidManifest.xml:33:13-72
activity#com.navigation.drawer.activity.Item2Activity
ADDED from src\main\AndroidManifest.xml:34:3-75
	android:name
		ADDED from src\main\AndroidManifest.xml:34:13-72
activity#com.navigation.drawer.activity.Item3Activity
ADDED from src\main\AndroidManifest.xml:35:3-75
	android:name
		ADDED from src\main\AndroidManifest.xml:35:13-72
activity#com.navigation.drawer.activity.Item4Activity
ADDED from src\main\AndroidManifest.xml:36:3-75
	android:name
		ADDED from src\main\AndroidManifest.xml:36:13-72
activity#com.navigation.drawer.activity.Item5Activity
ADDED from src\main\AndroidManifest.xml:37:3-75
	android:name
		ADDED from src\main\AndroidManifest.xml:37:13-72
activity#com.navigation.drawer.activity.Item6Activity
ADDED from src\main\AndroidManifest.xml:38:9-81
	android:name
		ADDED from src\main\AndroidManifest.xml:38:19-78
activity#com.navigation.drawer.activity.Item7Activity
ADDED from src\main\AndroidManifest.xml:39:9-81
	android:name
		ADDED from src\main\AndroidManifest.xml:39:19-78